2017-11-27 17:14:34,480 [Worker-3] INFO  o.e.m.c.i.p.ProjectConfigurationManager - Collecting project info '/pom.xml' C:\Users\imran\workspace9\mc\pom.xml
2017-11-27 17:14:36,124 [Worker-3] INFO  o.e.m.c.i.l.LifecycleMappingFactory - Using org.eclipse.m2e.jdt.JarLifecycleMapping lifecycle mapping for MavenProject: shahajada.imran.eclipse:mc:0.0.1-SNAPSHOT @ C:\Users\imran\workspace9\mc\pom.xml.
2017-11-27 17:14:36,763 [Worker-3] INFO  o.e.m.j.i.AbstractJavaProjectConfigurator - Adding source folder /mc/src/main/java
2017-11-27 17:14:36,771 [Worker-3] INFO  o.e.m.j.i.AbstractJavaProjectConfigurator - Adding source folder /mc/src/test/java
2017-11-27 17:14:36,884 [Worker-3] INFO  o.e.m.c.i.p.ProjectConfigurationManager - Imported and configured 1 project(s) in 2 sec
2017-11-27 17:14:37,736 [Worker-13] INFO  o.e.m.c.i.embedder.EclipseLogger - Using 'UTF-8' encoding to copy filtered resources.
2017-11-27 17:14:37,737 [Worker-13] INFO  o.e.m.c.i.embedder.EclipseLogger - skip non existing resourceDirectory C:\Users\imran\workspace9\mc\src\main\resources
2017-11-27 17:14:37,757 [Worker-13] INFO  o.e.m.c.i.embedder.EclipseLogger - Using 'UTF-8' encoding to copy filtered resources.
2017-11-27 17:14:37,758 [Worker-13] INFO  o.e.m.c.i.embedder.EclipseLogger - skip non existing resourceDirectory C:\Users\imran\workspace9\mc\src\test\resources
2017-11-27 17:15:23,909 [Worker-4] INFO  o.e.m.c.i.embedder.EclipseLogger - Using 'UTF-8' encoding to copy filtered resources.
2017-11-27 17:15:23,909 [Worker-4] INFO  o.e.m.c.i.embedder.EclipseLogger - skip non existing resourceDirectory C:\Users\imran\workspace9\mc\src\main\resources
2017-11-27 17:15:23,912 [Worker-4] INFO  o.e.m.c.i.embedder.EclipseLogger - Using 'UTF-8' encoding to copy filtered resources.
2017-11-27 17:15:23,912 [Worker-4] INFO  o.e.m.c.i.embedder.EclipseLogger - skip non existing resourceDirectory C:\Users\imran\workspace9\mc\src\test\resources
2017-11-27 17:15:27,667 [Worker-0] INFO  o.e.m.c.i.embedder.EclipseLogger - Using 'UTF-8' encoding to copy filtered resources.
2017-11-27 17:15:27,667 [Worker-0] INFO  o.e.m.c.i.embedder.EclipseLogger - skip non existing resourceDirectory C:\Users\imran\workspace9\mc\src\main\resources
2017-11-27 17:15:27,669 [Worker-0] INFO  o.e.m.c.i.embedder.EclipseLogger - Using 'UTF-8' encoding to copy filtered resources.
2017-11-27 17:15:27,677 [Worker-0] INFO  o.e.m.c.i.embedder.EclipseLogger - skip non existing resourceDirectory C:\Users\imran\workspace9\mc\src\test\resources
2017-11-27 17:16:43,061 [Worker-0] INFO  c.g.t.t.d.PublishedGradleVersions - Gradle version information cache file is not out-of-date. No remote download required.
2017-11-27 17:19:37,992 [Worker-13] INFO  o.e.m.c.i.embedder.EclipseLogger - Using 'UTF-8' encoding to copy filtered resources.
2017-11-27 17:19:37,992 [Worker-13] INFO  o.e.m.c.i.embedder.EclipseLogger - skip non existing resourceDirectory C:\Users\imran\workspace9\mc\src\main\resources
2017-11-27 17:19:38,002 [Worker-13] INFO  o.e.m.c.i.embedder.EclipseLogger - Using 'UTF-8' encoding to copy filtered resources.
2017-11-27 17:19:38,016 [Worker-13] INFO  o.e.m.c.i.embedder.EclipseLogger - skip non existing resourceDirectory C:\Users\imran\workspace9\mc\src\test\resources
2017-11-27 17:20:14,732 [Worker-6] INFO  o.e.m.c.i.embedder.EclipseLogger - Using 'UTF-8' encoding to copy filtered resources.
2017-11-27 17:20:14,732 [Worker-6] INFO  o.e.m.c.i.embedder.EclipseLogger - skip non existing resourceDirectory C:\Users\imran\workspace9\mc\src\main\resources
2017-11-27 17:20:14,790 [Worker-6] INFO  o.e.m.c.i.embedder.EclipseLogger - Using 'UTF-8' encoding to copy filtered resources.
2017-11-27 17:20:14,802 [Worker-6] INFO  o.e.m.c.i.embedder.EclipseLogger - skip non existing resourceDirectory C:\Users\imran\workspace9\mc\src\test\resources
2017-11-27 17:20:37,514 [Worker-14] INFO  o.e.m.c.i.embedder.EclipseLogger - Using 'UTF-8' encoding to copy filtered resources.
2017-11-27 17:20:37,515 [Worker-14] INFO  o.e.m.c.i.embedder.EclipseLogger - skip non existing resourceDirectory C:\Users\imran\workspace9\mc\src\main\resources
2017-11-27 17:20:37,523 [Worker-14] INFO  o.e.m.c.i.embedder.EclipseLogger - Using 'UTF-8' encoding to copy filtered resources.
2017-11-27 17:20:37,530 [Worker-14] INFO  o.e.m.c.i.embedder.EclipseLogger - skip non existing resourceDirectory C:\Users\imran\workspace9\mc\src\test\resources
2017-11-27 17:21:13,343 [Worker-12] INFO  o.e.m.c.i.embedder.EclipseLogger - Using 'UTF-8' encoding to copy filtered resources.
2017-11-27 17:21:13,343 [Worker-12] INFO  o.e.m.c.i.embedder.EclipseLogger - skip non existing resourceDirectory C:\Users\imran\workspace9\mc\src\main\resources
2017-11-27 17:21:13,353 [Worker-12] INFO  o.e.m.c.i.embedder.EclipseLogger - Using 'UTF-8' encoding to copy filtered resources.
2017-11-27 17:21:13,360 [Worker-12] INFO  o.e.m.c.i.embedder.EclipseLogger - skip non existing resourceDirectory C:\Users\imran\workspace9\mc\src\test\resources
2017-11-27 17:21:14,429 [Worker-12] INFO  o.e.m.c.i.embedder.EclipseLogger - Using 'UTF-8' encoding to copy filtered resources.
2017-11-27 17:21:14,430 [Worker-12] INFO  o.e.m.c.i.embedder.EclipseLogger - skip non existing resourceDirectory C:\Users\imran\workspace9\mc\src\main\resources
2017-11-27 17:21:14,437 [Worker-12] INFO  o.e.m.c.i.embedder.EclipseLogger - Using 'UTF-8' encoding to copy filtered resources.
2017-11-27 17:21:14,443 [Worker-12] INFO  o.e.m.c.i.embedder.EclipseLogger - skip non existing resourceDirectory C:\Users\imran\workspace9\mc\src\test\resources
2017-11-27 17:21:25,782 [Worker-0] INFO  o.e.m.c.i.l.LifecycleMappingFactory - Using org.eclipse.m2e.jdt.JarLifecycleMapping lifecycle mapping for MavenProject: shahajada.imran.eclipse:mc:0.0.1-SNAPSHOT @ C:\Users\imran\workspace9\mc\pom.xml.
2017-11-27 17:21:27,216 [Worker-0] INFO  o.e.m.c.i.embedder.EclipseLogger - Using 'UTF-8' encoding to copy filtered resources.
2017-11-27 17:21:27,222 [Worker-0] INFO  o.e.m.c.i.embedder.EclipseLogger - skip non existing resourceDirectory C:\Users\imran\workspace9\mc\src\main\resources
2017-11-27 17:21:27,232 [Worker-0] INFO  o.e.m.c.i.embedder.EclipseLogger - Using 'UTF-8' encoding to copy filtered resources.
2017-11-27 17:21:27,240 [Worker-0] INFO  o.e.m.c.i.embedder.EclipseLogger - skip non existing resourceDirectory C:\Users\imran\workspace9\mc\src\test\resources
2017-11-27 17:21:28,765 [Worker-12] INFO  o.e.m.c.i.embedder.EclipseLogger - Using 'UTF-8' encoding to copy filtered resources.
2017-11-27 17:21:28,808 [Worker-12] INFO  o.e.m.c.i.embedder.EclipseLogger - skip non existing resourceDirectory C:\Users\imran\workspace9\mc\src\main\resources
2017-11-27 17:21:28,871 [Worker-12] INFO  o.e.m.c.i.embedder.EclipseLogger - Using 'UTF-8' encoding to copy filtered resources.
2017-11-27 17:21:28,910 [Worker-12] INFO  o.e.m.c.i.embedder.EclipseLogger - skip non existing resourceDirectory C:\Users\imran\workspace9\mc\src\test\resources
2017-11-27 17:23:26,477 [Worker-0] INFO  o.e.m.c.i.embedder.EclipseLogger - Using 'UTF-8' encoding to copy filtered resources.
2017-11-27 17:23:26,483 [Worker-0] INFO  o.e.m.c.i.embedder.EclipseLogger - skip non existing resourceDirectory C:\Users\imran\workspace9\mc\src\main\resources
2017-11-27 17:23:26,493 [Worker-0] INFO  o.e.m.c.i.embedder.EclipseLogger - Using 'UTF-8' encoding to copy filtered resources.
2017-11-27 17:23:26,500 [Worker-0] INFO  o.e.m.c.i.embedder.EclipseLogger - skip non existing resourceDirectory C:\Users\imran\workspace9\mc\src\test\resources
2017-11-27 17:33:48,602 [Worker-3] INFO  o.e.m.c.i.embedder.EclipseLogger - Using 'UTF-8' encoding to copy filtered resources.
2017-11-27 17:33:48,609 [Worker-3] INFO  o.e.m.c.i.embedder.EclipseLogger - skip non existing resourceDirectory C:\Users\imran\workspace9\mc\src\main\resources
2017-11-27 17:33:48,613 [Worker-3] INFO  o.e.m.c.i.embedder.EclipseLogger - Using 'UTF-8' encoding to copy filtered resources.
2017-11-27 17:33:48,613 [Worker-3] INFO  o.e.m.c.i.embedder.EclipseLogger - skip non existing resourceDirectory C:\Users\imran\workspace9\mc\src\test\resources
2017-11-27 17:34:35,008 [main] INFO  c.g.t.t.d.PublishedGradleVersions - Gradle version information cache file is not out-of-date. No remote download required.
2017-11-27 17:34:38,639 [Worker-2] INFO  o.e.m.i.launch.MavenLaunchDelegate - C:\Users\imran\workspace9\mc
2017-11-27 17:34:38,640 [Worker-2] INFO  o.e.m.i.launch.MavenLaunchDelegate -  mvn  -B test
2017-11-27 17:34:44,539 [Worker-1] INFO  o.e.m.c.i.embedder.EclipseLogger - Using 'UTF-8' encoding to copy filtered resources.
2017-11-27 17:34:44,539 [Worker-1] INFO  o.e.m.c.i.embedder.EclipseLogger - skip non existing resourceDirectory C:\Users\imran\workspace9\mc\src\main\resources
2017-11-27 17:34:44,542 [Worker-1] INFO  o.e.m.c.i.embedder.EclipseLogger - Using 'UTF-8' encoding to copy filtered resources.
2017-11-27 17:34:44,543 [Worker-1] INFO  o.e.m.c.i.embedder.EclipseLogger - skip non existing resourceDirectory C:\Users\imran\workspace9\mc\src\test\resources
2017-11-27 17:37:01,219 [Worker-13] INFO  o.e.m.c.i.l.LifecycleMappingFactory - Using org.eclipse.m2e.jdt.JarLifecycleMapping lifecycle mapping for MavenProject: shahajada.imran.eclipse:mc:0.0.1-SNAPSHOT @ C:\Users\imran\workspace9\mc\pom.xml.
2017-11-27 17:37:02,226 [Worker-13] INFO  o.e.m.c.i.embedder.EclipseLogger - Using 'UTF-8' encoding to copy filtered resources.
2017-11-27 17:37:02,227 [Worker-13] INFO  o.e.m.c.i.embedder.EclipseLogger - skip non existing resourceDirectory C:\Users\imran\workspace9\mc\src\main\resources
2017-11-27 17:37:02,229 [Worker-13] INFO  o.e.m.c.i.embedder.EclipseLogger - Using 'UTF-8' encoding to copy filtered resources.
2017-11-27 17:37:02,230 [Worker-13] INFO  o.e.m.c.i.embedder.EclipseLogger - skip non existing resourceDirectory C:\Users\imran\workspace9\mc\src\test\resources
2017-11-27 17:37:10,182 [Worker-7] INFO  o.e.m.i.launch.MavenLaunchDelegate - C:\Users\imran\workspace9\mc
2017-11-27 17:37:10,182 [Worker-7] INFO  o.e.m.i.launch.MavenLaunchDelegate -  mvn  -B test
2017-11-27 17:37:15,728 [Worker-9] INFO  o.e.m.c.i.embedder.EclipseLogger - Using 'UTF-8' encoding to copy filtered resources.
2017-11-27 17:37:15,729 [Worker-9] INFO  o.e.m.c.i.embedder.EclipseLogger - skip non existing resourceDirectory C:\Users\imran\workspace9\mc\src\main\resources
2017-11-27 17:37:15,738 [Worker-9] INFO  o.e.m.c.i.embedder.EclipseLogger - Using 'UTF-8' encoding to copy filtered resources.
2017-11-27 17:37:15,738 [Worker-9] INFO  o.e.m.c.i.embedder.EclipseLogger - skip non existing resourceDirectory C:\Users\imran\workspace9\mc\src\test\resources
2017-11-27 17:54:45,283 [main] INFO  c.g.t.t.d.PublishedGradleVersions - Gradle version information cache file is not out-of-date. No remote download required.
2017-11-27 17:55:58,491 [Worker-8] INFO  o.e.m.c.i.embedder.EclipseLogger - Using 'UTF-8' encoding to copy filtered resources.
2017-11-27 17:55:58,492 [Worker-8] INFO  o.e.m.c.i.embedder.EclipseLogger - skip non existing resourceDirectory C:\Users\imran\workspace9\mc\src\main\resources
2017-11-27 17:55:58,502 [Worker-8] INFO  o.e.m.c.i.embedder.EclipseLogger - Using 'UTF-8' encoding to copy filtered resources.
2017-11-27 17:55:58,503 [Worker-8] INFO  o.e.m.c.i.embedder.EclipseLogger - skip non existing resourceDirectory C:\Users\imran\workspace9\mc\src\test\resources
2017-11-27 17:56:14,579 [Worker-3] INFO  o.e.m.c.i.embedder.EclipseLogger - Using 'UTF-8' encoding to copy filtered resources.
2017-11-27 17:56:14,579 [Worker-3] INFO  o.e.m.c.i.embedder.EclipseLogger - skip non existing resourceDirectory C:\Users\imran\workspace9\mc\src\main\resources
2017-11-27 17:56:14,579 [Worker-3] INFO  o.e.m.c.i.embedder.EclipseLogger - Using 'UTF-8' encoding to copy filtered resources.
2017-11-27 17:56:14,579 [Worker-3] INFO  o.e.m.c.i.embedder.EclipseLogger - skip non existing resourceDirectory C:\Users\imran\workspace9\mc\src\test\resources
